<?xml version="1.0" encoding="UTF-8"?>
<!-- Generated by org.testng.reporters.JUnitReportReporter -->
<testsuite name="com.TAFrameworkJAVA.apptestscripts.demo.AspireTA_Java_Framework_Demo" tests="1" time="16.067" ignored="0" failures="0" timestamp="21 Mar 2017 07:34:09 GMT" skipped="0" hostname="aspire-mac21.local" errors="0">
  <testcase name="tcTAFrameworkJAVADemo01" time="16.067" classname="com.TAFrameworkJAVA.apptestscripts.demo.AspireTA_Java_Framework_Demo"/>
</testsuite> <!-- com.TAFrameworkJAVA.apptestscripts.demo.AspireTA_Java_Framework_Demo -->
